<?xml version="1.0" encoding="utf-8"?><testsuites><testsuite name="pytest" errors="0" failures="0" skipped="0" tests="4" time="7.031" timestamp="2024-06-01T19:41:19.953283" hostname="DESKTOP-PG6NE4S"><testcase classname="test.test_router_chat_session.TestChatHistory" name="test_post_chat_history[5cc22949-e0f2-40c3-ac0a-889315a195a0-system-Posted by pytest...]" time="3.629" /><testcase classname="test.test_router_chat_session.TestChatHistory" name="test_post_chat_history[5cc22949-e0f2-40c3-ac0a-889315a195a0-ai-Posted by pytest...]" time="0.800" /><testcase classname="test.test_router_chat_session.TestChatHistory" name="test_post_chat_history[5cc22949-e0f2-40c3-ac0a-889315a195a0-human-Posted by pytest...]" time="0.795" /><testcase classname="test.test_router_chat_session.TestChatHistory" name="test_get_chat_history" time="0.340" /></testsuite></testsuites>